<?xml version="1.0" encoding="UTF-8"?>
<!-- Generated by org.testng.reporters.JUnitReportReporter -->
<testsuite skipped="0" hostname="DESKTOP-MEME6I4" name="com.training.sanity.tests.TC2RecurringTests" tests="1" failures="0" timestamp="25 Jun 2019 17:04:17 GMT" time="16.375" errors="0">
  <testcase name="validLoginTest" time="16.375" classname="com.training.sanity.tests.TC2RecurringTests"/>
</testsuite> <!-- com.training.sanity.tests.TC2RecurringTests -->
