<?xml version="1.0" encoding="UTF-8"?>
<!-- Generated by org.testng.reporters.JUnitReportReporter -->
<testsuite skipped="0" hostname="DESKTOP-MEME6I4" name="com.training.sanity.tests.LoginTests" tests="1" failures="0" timestamp="25 Jun 2019 16:27:50 GMT" time="24.183" errors="0">
  <testcase name="validLoginTest" time="24.183" classname="com.training.sanity.tests.LoginTests"/>
</testsuite> <!-- com.training.sanity.tests.LoginTests -->
