<?xml version="1.0" encoding="UTF-8"?>
<!-- Generated by org.testng.reporters.JUnitReportReporter -->
<testsuite skipped="0" hostname="DESKTOP-MEME6I4" name="com.training.sanity.tests.TC2_001RecurringOrd" tests="1" failures="0" timestamp="26 Jun 2019 09:04:21 GMT" time="17.953" errors="0">
  <testcase name="RecurringOrdTest" time="17.953" classname="com.training.sanity.tests.TC2_001RecurringOrd"/>
</testsuite> <!-- com.training.sanity.tests.TC2_001RecurringOrd -->
