<?xml version="1.0" encoding="UTF-8"?>
<!-- Generated by org.testng.reporters.JUnitReportReporter -->
<testsuite skipped="0" hostname="DESKTOP-MEME6I4" name="com.training.sanity.tests.TC7_DateCalendarTests" tests="1" failures="0" timestamp="05 Jul 2019 10:16:11 GMT" time="69.656" errors="0">
  <testcase name="validLoginTest" time="69.656" classname="com.training.sanity.tests.TC7_DateCalendarTests"/>
</testsuite> <!-- com.training.sanity.tests.TC7_DateCalendarTests -->
