<?xml version="1.0" encoding="UTF-8"?>
<!-- Generated by org.testng.reporters.JUnitReportReporter -->
<testsuite skipped="0" hostname="DESKTOP-MEME6I4" name="com.training.sanity.tests.TC9_OrdplaceTests" tests="1" failures="0" timestamp="09 Jul 2019 07:37:40 GMT" time="37.188" errors="0">
  <testcase name="ReturnOrdTest" time="37.188" classname="com.training.sanity.tests.TC9_OrdplaceTests"/>
</testsuite> <!-- com.training.sanity.tests.TC9_OrdplaceTests -->
