<?xml version="1.0" encoding="UTF-8"?>
<!-- Generated by org.testng.reporters.JUnitReportReporter -->
<testsuite skipped="0" hostname="DESKTOP-MEME6I4" name="com.training.sanity.tests.TC2_OrdStatusTests" tests="1" failures="0" timestamp="01 Jul 2019 09:01:44 GMT" time="45.623" errors="0">
  <testcase name="Ordstatuschg" time="45.623" classname="com.training.sanity.tests.TC2_OrdStatusTests"/>
</testsuite> <!-- com.training.sanity.tests.TC2_OrdStatusTests -->
