<?xml version="1.0" encoding="UTF-8"?>
<!-- Generated by org.testng.reporters.JUnitReportReporter -->
<testsuite skipped="0" hostname="DESKTOP-MEME6I4" name="com.training.sanity.tests.TC4_ReturnsDeleteTests" tests="1" failures="0" timestamp="29 Jun 2019 15:22:43 GMT" time="18.524" errors="0">
  <testcase name="ReturnOrdDeleteTest" time="18.524" classname="com.training.sanity.tests.TC4_ReturnsDeleteTests"/>
</testsuite> <!-- com.training.sanity.tests.TC4_ReturnsDeleteTests -->
