<?xml version="1.0" encoding="UTF-8"?>
<!-- Generated by org.testng.reporters.JUnitReportReporter -->
<testsuite skipped="0" hostname="DESKTOP-MEME6I4" name="com.training.sanity.tests.TC2_001RecurringOrdTests" tests="1" failures="0" timestamp="26 Jun 2019 11:55:11 GMT" time="20.916" errors="0">
  <testcase name="RecurringOrdTest" time="20.916" classname="com.training.sanity.tests.TC2_001RecurringOrdTests"/>
</testsuite> <!-- com.training.sanity.tests.TC2_001RecurringOrdTests -->
