<?xml version="1.0" encoding="UTF-8"?>
<!-- Generated by org.testng.reporters.JUnitReportReporter -->
<testsuite skipped="0" hostname="DESKTOP-MEME6I4" name="com.training.sanity.tests.TC3_ReturnsOrdTests" tests="1" failures="0" timestamp="27 Jun 2019 08:55:55 GMT" time="25.140" errors="0">
  <testcase name="ReturnOrdTest" time="25.140" classname="com.training.sanity.tests.TC3_ReturnsOrdTests"/>
</testsuite> <!-- com.training.sanity.tests.TC3_ReturnsOrdTests -->
