<?xml version="1.0" encoding="UTF-8"?>
<!-- Generated by org.testng.reporters.JUnitReportReporter -->
<testsuite skipped="0" hostname="DESKTOP-MEME6I4" name="com.training.sanity.tests.TC8_CatagoriesTests" tests="1" failures="0" timestamp="08 Jul 2019 11:50:38 GMT" time="57.985" errors="0">
  <testcase name="validLoginTest" time="57.985" classname="com.training.sanity.tests.TC8_CatagoriesTests"/>
</testsuite> <!-- com.training.sanity.tests.TC8_CatagoriesTests -->
