<?xml version="1.0" encoding="UTF-8"?>
<!-- Generated by org.testng.reporters.JUnitReportReporter -->
<testsuite skipped="0" hostname="DESKTOP-MEME6I4" name="com.training.sanity.tests.TC10_RewardTests" tests="1" failures="0" timestamp="09 Jul 2019 11:20:34 GMT" time="26.007" errors="0">
  <testcase name="RewardTest" time="26.007" classname="com.training.sanity.tests.TC10_RewardTests"/>
</testsuite> <!-- com.training.sanity.tests.TC10_RewardTests -->
