<?xml version="1.0" encoding="UTF-8"?>
<!-- Generated by org.testng.reporters.JUnitReportReporter -->
<testsuite skipped="0" hostname="DESKTOP-MEME6I4" name="com.training.sanity.tests.TC5_CustomerTests" tests="1" failures="0" timestamp="29 Jun 2019 16:37:13 GMT" time="25.370" errors="0">
  <testcase name="CustomerTest" time="25.370" classname="com.training.sanity.tests.TC5_CustomerTests"/>
</testsuite> <!-- com.training.sanity.tests.TC5_CustomerTests -->
